<?xml version="1.0" encoding="UTF-8"?>
<!-- Generated by org.testng.reporters.JUnitXMLReporter -->
<testsuite ignored="0" hostname="DESKTOP-5H8S711" failures="0" tests="40" name="All Modules" time="517.988" errors="0" timestamp="2025-09-06T18:11:04 IST">
  <testcase classname="tests.LoginTests" name="blankFieldsLogin" time="7.689"/>
  <testcase classname="tests.LoginTests" name="errorMessageDisappearsAfterRetry" time="10.768"/>
  <testcase classname="tests.LoginTests" name="invalidLoginWrongPassword" time="5.488"/>
  <testcase classname="tests.LoginTests" name="invalidLoginWrongUsername" time="5.552"/>
  <testcase classname="tests.LoginTests" name="lockedOutUserLogin" time="5.496"/>
  <testcase classname="tests.LoginTests" name="performanceGlitchUserLogin" time="12.491"/>
  <testcase classname="tests.LoginTests" name="validLogin" time="6.463"/>
  <testcase classname="tests.LoginTests" name="verifyUrlAndTitleAfterLogin" time="6.484"/>
  <testcase classname="tests.InventoryTests" name="addMultipleProductsToCart" time="5.15"/>
  <testcase classname="tests.InventoryTests" name="addSingleProductToCart" time="3.099"/>
  <testcase classname="tests.InventoryTests" name="removeProductFromCart" time="5.185"/>
  <testcase classname="tests.InventoryTests" name="sortProductsByNameAZ" time="3.07"/>
  <testcase classname="tests.InventoryTests" name="sortProductsByNameZA" time="3.095"/>
  <testcase classname="tests.InventoryTests" name="sortProductsByPriceHighToLow" time="3.089"/>
  <testcase classname="tests.InventoryTests" name="sortProductsByPriceLowToHigh" time="3.102"/>
  <testcase classname="tests.InventoryTests" name="verifyProductsDisplayed" time="2.019"/>
  <testcase classname="tests.CartTests" name="checkoutButtonWorks" time="7.233"/>
  <testcase classname="tests.CartTests" name="continueShoppingButtonWorks" time="7.273"/>
  <testcase classname="tests.CartTests" name="verifyCartBadgeIncreases" time="5.126"/>
  <testcase classname="tests.CartTests" name="verifyCartIsEmptyAfterRemovingItems" time="17.17"/>
  <testcase classname="tests.CartTests" name="verifyNavigatingToCartPage" time="5.172"/>
  <testcase classname="tests.CartTests" name="verifyProductDetailsInCart" time="7.183"/>
  <testcase classname="tests.CheckoutTests" name="cancelCheckout" time="3.09"/>
  <testcase classname="tests.CheckoutTests" name="checkoutWithMissingFirstName" time="4.279"/>
  <testcase classname="tests.CheckoutTests" name="checkoutWithMissingLastName" time="4.293"/>
  <testcase classname="tests.CheckoutTests" name="checkoutWithMissingPostalCode" time="4.286"/>
  <testcase classname="tests.CheckoutTests" name="checkoutWithValidDetails" time="3.273"/>
  <testcase classname="tests.CheckoutTests" name="finishButtonCompletesOrder" time="5.337"/>
  <testcase classname="tests.CheckoutTests" name="invalidZipCodeFormat" time="3.285"/>
  <testcase classname="tests.CheckoutTests" name="verifyBackToProductsButtonWorks" time="6.465"/>
  <testcase classname="tests.CheckoutTests" name="verifyCheckoutOverviewPage" time="5.279"/>
  <testcase classname="tests.CheckoutTests" name="verifySuccessMessageAfterOrder" time="2.363"/>
  <testcase classname="tests.MenuTests" name="verifyAboutLink" time="9.054"/>
  <testcase classname="tests.MenuTests" name="verifyAllMenuOptionsVisible" time="4.139"/>
  <testcase classname="tests.MenuTests" name="verifyResetAppState" time="16.256"/>
  <testcase classname="tests.MenuTests" name="verifyUserCanLogout" time="5.165"/>
  <testcase classname="tests.UITests" name="verifyBackButtonAfterLogout" time="11.462"/>
  <testcase classname="tests.UITests" name="verifyFooterLinks" time="5.371"/>
  <testcase classname="tests.UITests" name="verifyLoginPageUIElements" time="4.083"/>
  <testcase classname="tests.UITests" name="verifyPageTitleAndLogoConsistency" time="8.384"/>
</testsuite> <!-- All Modules -->
