<?xml version="1.0" encoding="UTF-8"?>
<testng-results ignored="0" total="40" passed="40" failed="0" skipped="0">
  <reporter-output>
  </reporter-output>
  <suite started-at="2025-09-06T18:02:26 IST" name="Selenium Capstone Suite" finished-at="2025-09-06T18:11:04 IST" duration-ms="517988">
    <groups>
    </groups>
    <test started-at="2025-09-06T18:02:26 IST" name="All Modules" finished-at="2025-09-06T18:11:04 IST" duration-ms="517988">
      <class name="tests.LoginTests">
        <test-method signature="blankFieldsLogin()[pri:0, instance:tests.LoginTests@7eac9008]" started-at="2025-09-06T18:02:26 IST" name="blankFieldsLogin" finished-at="2025-09-06T18:02:33 IST" duration-ms="7689" status="PASS">
          <reporter-output>
          </reporter-output>
        </test-method> <!-- blankFieldsLogin -->
        <test-method is-config="true" signature="tearDown()[pri:0, instance:tests.LoginTests@7eac9008]" started-at="2025-09-06T18:02:33 IST" name="tearDown" finished-at="2025-09-06T18:02:34 IST" duration-ms="164" status="PASS">
          <reporter-output>
          </reporter-output>
        </test-method> <!-- tearDown -->
        <test-method signature="errorMessageDisappearsAfterRetry()[pri:0, instance:tests.LoginTests@7eac9008]" started-at="2025-09-06T18:02:34 IST" name="errorMessageDisappearsAfterRetry" finished-at="2025-09-06T18:02:44 IST" duration-ms="10768" status="PASS">
          <reporter-output>
          </reporter-output>
        </test-method> <!-- errorMessageDisappearsAfterRetry -->
        <test-method is-config="true" signature="tearDown()[pri:0, instance:tests.LoginTests@7eac9008]" started-at="2025-09-06T18:02:44 IST" name="tearDown" finished-at="2025-09-06T18:02:45 IST" duration-ms="150" status="PASS">
          <reporter-output>
          </reporter-output>
        </test-method> <!-- tearDown -->
        <test-method signature="invalidLoginWrongPassword()[pri:0, instance:tests.LoginTests@7eac9008]" started-at="2025-09-06T18:02:45 IST" name="invalidLoginWrongPassword" finished-at="2025-09-06T18:02:50 IST" duration-ms="5488" status="PASS">
          <reporter-output>
          </reporter-output>
        </test-method> <!-- invalidLoginWrongPassword -->
        <test-method is-config="true" signature="tearDown()[pri:0, instance:tests.LoginTests@7eac9008]" started-at="2025-09-06T18:02:50 IST" name="tearDown" finished-at="2025-09-06T18:02:50 IST" duration-ms="149" status="PASS">
          <reporter-output>
          </reporter-output>
        </test-method> <!-- tearDown -->
        <test-method signature="invalidLoginWrongUsername()[pri:0, instance:tests.LoginTests@7eac9008]" started-at="2025-09-06T18:02:50 IST" name="invalidLoginWrongUsername" finished-at="2025-09-06T18:02:56 IST" duration-ms="5552" status="PASS">
          <reporter-output>
          </reporter-output>
        </test-method> <!-- invalidLoginWrongUsername -->
        <test-method is-config="true" signature="tearDown()[pri:0, instance:tests.LoginTests@7eac9008]" started-at="2025-09-06T18:02:56 IST" name="tearDown" finished-at="2025-09-06T18:02:56 IST" duration-ms="143" status="PASS">
          <reporter-output>
          </reporter-output>
        </test-method> <!-- tearDown -->
        <test-method signature="lockedOutUserLogin()[pri:0, instance:tests.LoginTests@7eac9008]" started-at="2025-09-06T18:02:56 IST" name="lockedOutUserLogin" finished-at="2025-09-06T18:03:01 IST" duration-ms="5496" status="PASS">
          <reporter-output>
          </reporter-output>
        </test-method> <!-- lockedOutUserLogin -->
        <test-method is-config="true" signature="tearDown()[pri:0, instance:tests.LoginTests@7eac9008]" started-at="2025-09-06T18:03:01 IST" name="tearDown" finished-at="2025-09-06T18:03:02 IST" duration-ms="133" status="PASS">
          <reporter-output>
          </reporter-output>
        </test-method> <!-- tearDown -->
        <test-method signature="performanceGlitchUserLogin()[pri:0, instance:tests.LoginTests@7eac9008]" started-at="2025-09-06T18:03:02 IST" name="performanceGlitchUserLogin" finished-at="2025-09-06T18:03:14 IST" duration-ms="12491" status="PASS">
          <reporter-output>
          </reporter-output>
        </test-method> <!-- performanceGlitchUserLogin -->
        <test-method is-config="true" signature="tearDown()[pri:0, instance:tests.LoginTests@7eac9008]" started-at="2025-09-06T18:03:14 IST" name="tearDown" finished-at="2025-09-06T18:03:16 IST" duration-ms="1683" status="PASS">
          <reporter-output>
          </reporter-output>
        </test-method> <!-- tearDown -->
        <test-method signature="validLogin()[pri:0, instance:tests.LoginTests@7eac9008]" started-at="2025-09-06T18:03:16 IST" name="validLogin" finished-at="2025-09-06T18:03:22 IST" duration-ms="6463" status="PASS">
          <reporter-output>
          </reporter-output>
        </test-method> <!-- validLogin -->
        <test-method is-config="true" signature="tearDown()[pri:0, instance:tests.LoginTests@7eac9008]" started-at="2025-09-06T18:03:22 IST" name="tearDown" finished-at="2025-09-06T18:03:22 IST" duration-ms="144" status="PASS">
          <reporter-output>
          </reporter-output>
        </test-method> <!-- tearDown -->
        <test-method signature="verifyUrlAndTitleAfterLogin()[pri:0, instance:tests.LoginTests@7eac9008]" started-at="2025-09-06T18:03:22 IST" name="verifyUrlAndTitleAfterLogin" finished-at="2025-09-06T18:03:29 IST" duration-ms="6484" status="PASS">
          <reporter-output>
          </reporter-output>
        </test-method> <!-- verifyUrlAndTitleAfterLogin -->
        <test-method is-config="true" signature="tearDown()[pri:0, instance:tests.LoginTests@7eac9008]" started-at="2025-09-06T18:03:29 IST" name="tearDown" finished-at="2025-09-06T18:03:29 IST" duration-ms="135" status="PASS">
          <reporter-output>
          </reporter-output>
        </test-method> <!-- tearDown -->
      </class> <!-- tests.LoginTests -->
      <class name="tests.MenuTests">
        <test-method is-config="true" signature="setUp()[pri:0, instance:tests.MenuTests@6f4a47c7]" started-at="2025-09-06T18:09:19 IST" name="setUp" finished-at="2025-09-06T18:09:25 IST" duration-ms="6429" status="PASS">
          <reporter-output>
          </reporter-output>
        </test-method> <!-- setUp -->
        <test-method signature="verifyAboutLink()[pri:0, instance:tests.MenuTests@6f4a47c7]" started-at="2025-09-06T18:09:25 IST" name="verifyAboutLink" finished-at="2025-09-06T18:09:34 IST" duration-ms="9054" status="PASS">
          <reporter-output>
          </reporter-output>
        </test-method> <!-- verifyAboutLink -->
        <test-method is-config="true" signature="tearDown()[pri:0, instance:tests.MenuTests@6f4a47c7]" started-at="2025-09-06T18:09:34 IST" name="tearDown" finished-at="2025-09-06T18:09:35 IST" duration-ms="267" status="PASS">
          <reporter-output>
          </reporter-output>
        </test-method> <!-- tearDown -->
        <test-method is-config="true" signature="setUp()[pri:0, instance:tests.MenuTests@6f4a47c7]" started-at="2025-09-06T18:09:35 IST" name="setUp" finished-at="2025-09-06T18:09:42 IST" duration-ms="7151" status="PASS">
          <reporter-output>
          </reporter-output>
        </test-method> <!-- setUp -->
        <test-method signature="verifyAllMenuOptionsVisible()[pri:0, instance:tests.MenuTests@6f4a47c7]" started-at="2025-09-06T18:09:42 IST" name="verifyAllMenuOptionsVisible" finished-at="2025-09-06T18:09:46 IST" duration-ms="4139" status="PASS">
          <reporter-output>
          </reporter-output>
        </test-method> <!-- verifyAllMenuOptionsVisible -->
        <test-method is-config="true" signature="tearDown()[pri:0, instance:tests.MenuTests@6f4a47c7]" started-at="2025-09-06T18:09:46 IST" name="tearDown" finished-at="2025-09-06T18:09:46 IST" duration-ms="130" status="PASS">
          <reporter-output>
          </reporter-output>
        </test-method> <!-- tearDown -->
        <test-method is-config="true" signature="setUp()[pri:0, instance:tests.MenuTests@6f4a47c7]" started-at="2025-09-06T18:09:46 IST" name="setUp" finished-at="2025-09-06T18:09:52 IST" duration-ms="6456" status="PASS">
          <reporter-output>
          </reporter-output>
        </test-method> <!-- setUp -->
        <test-method signature="verifyResetAppState()[pri:0, instance:tests.MenuTests@6f4a47c7]" started-at="2025-09-06T18:09:52 IST" name="verifyResetAppState" finished-at="2025-09-06T18:10:09 IST" duration-ms="16256" status="PASS">
          <reporter-output>
          </reporter-output>
        </test-method> <!-- verifyResetAppState -->
        <test-method is-config="true" signature="tearDown()[pri:0, instance:tests.MenuTests@6f4a47c7]" started-at="2025-09-06T18:10:09 IST" name="tearDown" finished-at="2025-09-06T18:10:09 IST" duration-ms="148" status="PASS">
          <reporter-output>
          </reporter-output>
        </test-method> <!-- tearDown -->
        <test-method is-config="true" signature="setUp()[pri:0, instance:tests.MenuTests@6f4a47c7]" started-at="2025-09-06T18:10:09 IST" name="setUp" finished-at="2025-09-06T18:10:15 IST" duration-ms="6570" status="PASS">
          <reporter-output>
          </reporter-output>
        </test-method> <!-- setUp -->
        <test-method signature="verifyUserCanLogout()[pri:0, instance:tests.MenuTests@6f4a47c7]" started-at="2025-09-06T18:10:15 IST" name="verifyUserCanLogout" finished-at="2025-09-06T18:10:21 IST" duration-ms="5165" status="PASS">
          <reporter-output>
          </reporter-output>
        </test-method> <!-- verifyUserCanLogout -->
        <test-method is-config="true" signature="tearDown()[pri:0, instance:tests.MenuTests@6f4a47c7]" started-at="2025-09-06T18:10:21 IST" name="tearDown" finished-at="2025-09-06T18:10:21 IST" duration-ms="218" status="PASS">
          <reporter-output>
          </reporter-output>
        </test-method> <!-- tearDown -->
      </class> <!-- tests.MenuTests -->
      <class name="tests.InventoryTests">
        <test-method is-config="true" signature="setUp()[pri:0, instance:tests.InventoryTests@6200f9cb]" started-at="2025-09-06T18:03:29 IST" name="setUp" finished-at="2025-09-06T18:03:35 IST" duration-ms="6449" status="PASS">
          <reporter-output>
          </reporter-output>
        </test-method> <!-- setUp -->
        <test-method signature="addMultipleProductsToCart()[pri:0, instance:tests.InventoryTests@6200f9cb]" started-at="2025-09-06T18:03:35 IST" name="addMultipleProductsToCart" finished-at="2025-09-06T18:03:41 IST" duration-ms="5150" status="PASS">
          <reporter-output>
          </reporter-output>
        </test-method> <!-- addMultipleProductsToCart -->
        <test-method is-config="true" signature="tearDown()[pri:0, instance:tests.InventoryTests@6200f9cb]" started-at="2025-09-06T18:03:41 IST" name="tearDown" finished-at="2025-09-06T18:03:41 IST" duration-ms="140" status="PASS">
          <reporter-output>
          </reporter-output>
        </test-method> <!-- tearDown -->
        <test-method is-config="true" signature="setUp()[pri:0, instance:tests.InventoryTests@6200f9cb]" started-at="2025-09-06T18:03:41 IST" name="setUp" finished-at="2025-09-06T18:03:47 IST" duration-ms="6415" status="PASS">
          <reporter-output>
          </reporter-output>
        </test-method> <!-- setUp -->
        <test-method signature="addSingleProductToCart()[pri:0, instance:tests.InventoryTests@6200f9cb]" started-at="2025-09-06T18:03:47 IST" name="addSingleProductToCart" finished-at="2025-09-06T18:03:50 IST" duration-ms="3099" status="PASS">
          <reporter-output>
          </reporter-output>
        </test-method> <!-- addSingleProductToCart -->
        <test-method is-config="true" signature="tearDown()[pri:0, instance:tests.InventoryTests@6200f9cb]" started-at="2025-09-06T18:03:50 IST" name="tearDown" finished-at="2025-09-06T18:03:50 IST" duration-ms="138" status="PASS">
          <reporter-output>
          </reporter-output>
        </test-method> <!-- tearDown -->
        <test-method is-config="true" signature="setUp()[pri:0, instance:tests.InventoryTests@6200f9cb]" started-at="2025-09-06T18:03:50 IST" name="setUp" finished-at="2025-09-06T18:03:57 IST" duration-ms="6534" status="PASS">
          <reporter-output>
          </reporter-output>
        </test-method> <!-- setUp -->
        <test-method signature="removeProductFromCart()[pri:0, instance:tests.InventoryTests@6200f9cb]" started-at="2025-09-06T18:03:57 IST" name="removeProductFromCart" finished-at="2025-09-06T18:04:02 IST" duration-ms="5185" status="PASS">
          <reporter-output>
          </reporter-output>
        </test-method> <!-- removeProductFromCart -->
        <test-method is-config="true" signature="tearDown()[pri:0, instance:tests.InventoryTests@6200f9cb]" started-at="2025-09-06T18:04:02 IST" name="tearDown" finished-at="2025-09-06T18:04:02 IST" duration-ms="156" status="PASS">
          <reporter-output>
          </reporter-output>
        </test-method> <!-- tearDown -->
        <test-method is-config="true" signature="setUp()[pri:0, instance:tests.InventoryTests@6200f9cb]" started-at="2025-09-06T18:04:02 IST" name="setUp" finished-at="2025-09-06T18:04:09 IST" duration-ms="6389" status="PASS">
          <reporter-output>
          </reporter-output>
        </test-method> <!-- setUp -->
        <test-method signature="sortProductsByNameAZ()[pri:0, instance:tests.InventoryTests@6200f9cb]" started-at="2025-09-06T18:04:09 IST" name="sortProductsByNameAZ" finished-at="2025-09-06T18:04:12 IST" duration-ms="3070" status="PASS">
          <reporter-output>
          </reporter-output>
        </test-method> <!-- sortProductsByNameAZ -->
        <test-method is-config="true" signature="tearDown()[pri:0, instance:tests.InventoryTests@6200f9cb]" started-at="2025-09-06T18:04:12 IST" name="tearDown" finished-at="2025-09-06T18:04:12 IST" duration-ms="139" status="PASS">
          <reporter-output>
          </reporter-output>
        </test-method> <!-- tearDown -->
        <test-method is-config="true" signature="setUp()[pri:0, instance:tests.InventoryTests@6200f9cb]" started-at="2025-09-06T18:04:12 IST" name="setUp" finished-at="2025-09-06T18:04:18 IST" duration-ms="6510" status="PASS">
          <reporter-output>
          </reporter-output>
        </test-method> <!-- setUp -->
        <test-method signature="sortProductsByNameZA()[pri:0, instance:tests.InventoryTests@6200f9cb]" started-at="2025-09-06T18:04:18 IST" name="sortProductsByNameZA" finished-at="2025-09-06T18:04:21 IST" duration-ms="3095" status="PASS">
          <reporter-output>
          </reporter-output>
        </test-method> <!-- sortProductsByNameZA -->
        <test-method is-config="true" signature="tearDown()[pri:0, instance:tests.InventoryTests@6200f9cb]" started-at="2025-09-06T18:04:21 IST" name="tearDown" finished-at="2025-09-06T18:04:22 IST" duration-ms="154" status="PASS">
          <reporter-output>
          </reporter-output>
        </test-method> <!-- tearDown -->
        <test-method is-config="true" signature="setUp()[pri:0, instance:tests.InventoryTests@6200f9cb]" started-at="2025-09-06T18:04:22 IST" name="setUp" finished-at="2025-09-06T18:04:28 IST" duration-ms="6440" status="PASS">
          <reporter-output>
          </reporter-output>
        </test-method> <!-- setUp -->
        <test-method signature="sortProductsByPriceHighToLow()[pri:0, instance:tests.InventoryTests@6200f9cb]" started-at="2025-09-06T18:04:28 IST" name="sortProductsByPriceHighToLow" finished-at="2025-09-06T18:04:31 IST" duration-ms="3089" status="PASS">
          <reporter-output>
          </reporter-output>
        </test-method> <!-- sortProductsByPriceHighToLow -->
        <test-method is-config="true" signature="tearDown()[pri:0, instance:tests.InventoryTests@6200f9cb]" started-at="2025-09-06T18:04:31 IST" name="tearDown" finished-at="2025-09-06T18:04:31 IST" duration-ms="125" status="PASS">
          <reporter-output>
          </reporter-output>
        </test-method> <!-- tearDown -->
        <test-method is-config="true" signature="setUp()[pri:0, instance:tests.InventoryTests@6200f9cb]" started-at="2025-09-06T18:04:31 IST" name="setUp" finished-at="2025-09-06T18:04:38 IST" duration-ms="6517" status="PASS">
          <reporter-output>
          </reporter-output>
        </test-method> <!-- setUp -->
        <test-method signature="sortProductsByPriceLowToHigh()[pri:0, instance:tests.InventoryTests@6200f9cb]" started-at="2025-09-06T18:04:38 IST" name="sortProductsByPriceLowToHigh" finished-at="2025-09-06T18:04:41 IST" duration-ms="3102" status="PASS">
          <reporter-output>
          </reporter-output>
        </test-method> <!-- sortProductsByPriceLowToHigh -->
        <test-method is-config="true" signature="tearDown()[pri:0, instance:tests.InventoryTests@6200f9cb]" started-at="2025-09-06T18:04:41 IST" name="tearDown" finished-at="2025-09-06T18:04:41 IST" duration-ms="125" status="PASS">
          <reporter-output>
          </reporter-output>
        </test-method> <!-- tearDown -->
        <test-method is-config="true" signature="setUp()[pri:0, instance:tests.InventoryTests@6200f9cb]" started-at="2025-09-06T18:04:41 IST" name="setUp" finished-at="2025-09-06T18:04:47 IST" duration-ms="6451" status="PASS">
          <reporter-output>
          </reporter-output>
        </test-method> <!-- setUp -->
        <test-method signature="verifyProductsDisplayed()[pri:0, instance:tests.InventoryTests@6200f9cb]" started-at="2025-09-06T18:04:47 IST" name="verifyProductsDisplayed" finished-at="2025-09-06T18:04:49 IST" duration-ms="2019" status="PASS">
          <reporter-output>
          </reporter-output>
        </test-method> <!-- verifyProductsDisplayed -->
        <test-method is-config="true" signature="tearDown()[pri:0, instance:tests.InventoryTests@6200f9cb]" started-at="2025-09-06T18:04:49 IST" name="tearDown" finished-at="2025-09-06T18:04:50 IST" duration-ms="154" status="PASS">
          <reporter-output>
          </reporter-output>
        </test-method> <!-- tearDown -->
      </class> <!-- tests.InventoryTests -->
      <class name="tests.CheckoutTests">
        <test-method is-config="true" signature="setUp()[pri:0, instance:tests.CheckoutTests@69453e37]" started-at="2025-09-06T18:06:19 IST" name="setUp" finished-at="2025-09-06T18:06:32 IST" duration-ms="13673" status="PASS">
          <reporter-output>
          </reporter-output>
        </test-method> <!-- setUp -->
        <test-method signature="cancelCheckout()[pri:0, instance:tests.CheckoutTests@69453e37]" started-at="2025-09-06T18:06:32 IST" name="cancelCheckout" finished-at="2025-09-06T18:06:35 IST" duration-ms="3090" status="PASS">
          <reporter-output>
          </reporter-output>
        </test-method> <!-- cancelCheckout -->
        <test-method is-config="true" signature="tearDown()[pri:0, instance:tests.CheckoutTests@69453e37]" started-at="2025-09-06T18:06:35 IST" name="tearDown" finished-at="2025-09-06T18:06:36 IST" duration-ms="153" status="PASS">
          <reporter-output>
          </reporter-output>
        </test-method> <!-- tearDown -->
        <test-method is-config="true" signature="setUp()[pri:0, instance:tests.CheckoutTests@69453e37]" started-at="2025-09-06T18:06:36 IST" name="setUp" finished-at="2025-09-06T18:06:49 IST" duration-ms="13701" status="PASS">
          <reporter-output>
          </reporter-output>
        </test-method> <!-- setUp -->
        <test-method signature="checkoutWithMissingFirstName()[pri:0, instance:tests.CheckoutTests@69453e37]" started-at="2025-09-06T18:06:49 IST" name="checkoutWithMissingFirstName" finished-at="2025-09-06T18:06:54 IST" duration-ms="4279" status="PASS">
          <reporter-output>
          </reporter-output>
        </test-method> <!-- checkoutWithMissingFirstName -->
        <test-method is-config="true" signature="tearDown()[pri:0, instance:tests.CheckoutTests@69453e37]" started-at="2025-09-06T18:06:54 IST" name="tearDown" finished-at="2025-09-06T18:06:54 IST" duration-ms="149" status="PASS">
          <reporter-output>
          </reporter-output>
        </test-method> <!-- tearDown -->
        <test-method is-config="true" signature="setUp()[pri:0, instance:tests.CheckoutTests@69453e37]" started-at="2025-09-06T18:06:54 IST" name="setUp" finished-at="2025-09-06T18:07:07 IST" duration-ms="13640" status="PASS">
          <reporter-output>
          </reporter-output>
        </test-method> <!-- setUp -->
        <test-method signature="checkoutWithMissingLastName()[pri:0, instance:tests.CheckoutTests@69453e37]" started-at="2025-09-06T18:07:07 IST" name="checkoutWithMissingLastName" finished-at="2025-09-06T18:07:12 IST" duration-ms="4293" status="PASS">
          <reporter-output>
          </reporter-output>
        </test-method> <!-- checkoutWithMissingLastName -->
        <test-method is-config="true" signature="tearDown()[pri:0, instance:tests.CheckoutTests@69453e37]" started-at="2025-09-06T18:07:12 IST" name="tearDown" finished-at="2025-09-06T18:07:12 IST" duration-ms="154" status="PASS">
          <reporter-output>
          </reporter-output>
        </test-method> <!-- tearDown -->
        <test-method is-config="true" signature="setUp()[pri:0, instance:tests.CheckoutTests@69453e37]" started-at="2025-09-06T18:07:12 IST" name="setUp" finished-at="2025-09-06T18:07:25 IST" duration-ms="13670" status="PASS">
          <reporter-output>
          </reporter-output>
        </test-method> <!-- setUp -->
        <test-method signature="checkoutWithMissingPostalCode()[pri:0, instance:tests.CheckoutTests@69453e37]" started-at="2025-09-06T18:07:25 IST" name="checkoutWithMissingPostalCode" finished-at="2025-09-06T18:07:30 IST" duration-ms="4286" status="PASS">
          <reporter-output>
          </reporter-output>
        </test-method> <!-- checkoutWithMissingPostalCode -->
        <test-method is-config="true" signature="tearDown()[pri:0, instance:tests.CheckoutTests@69453e37]" started-at="2025-09-06T18:07:30 IST" name="tearDown" finished-at="2025-09-06T18:07:30 IST" duration-ms="154" status="PASS">
          <reporter-output>
          </reporter-output>
        </test-method> <!-- tearDown -->
        <test-method is-config="true" signature="setUp()[pri:0, instance:tests.CheckoutTests@69453e37]" started-at="2025-09-06T18:07:30 IST" name="setUp" finished-at="2025-09-06T18:07:44 IST" duration-ms="13669" status="PASS">
          <reporter-output>
          </reporter-output>
        </test-method> <!-- setUp -->
        <test-method signature="checkoutWithValidDetails()[pri:0, instance:tests.CheckoutTests@69453e37]" started-at="2025-09-06T18:07:44 IST" name="checkoutWithValidDetails" finished-at="2025-09-06T18:07:47 IST" duration-ms="3273" status="PASS">
          <reporter-output>
          </reporter-output>
        </test-method> <!-- checkoutWithValidDetails -->
        <test-method is-config="true" signature="tearDown()[pri:0, instance:tests.CheckoutTests@69453e37]" started-at="2025-09-06T18:07:47 IST" name="tearDown" finished-at="2025-09-06T18:07:47 IST" duration-ms="158" status="PASS">
          <reporter-output>
          </reporter-output>
        </test-method> <!-- tearDown -->
        <test-method is-config="true" signature="setUp()[pri:0, instance:tests.CheckoutTests@69453e37]" started-at="2025-09-06T18:07:47 IST" name="setUp" finished-at="2025-09-06T18:08:01 IST" duration-ms="13682" status="PASS">
          <reporter-output>
          </reporter-output>
        </test-method> <!-- setUp -->
        <test-method signature="finishButtonCompletesOrder()[pri:0, instance:tests.CheckoutTests@69453e37]" started-at="2025-09-06T18:08:01 IST" name="finishButtonCompletesOrder" finished-at="2025-09-06T18:08:06 IST" duration-ms="5337" status="PASS">
          <reporter-output>
          </reporter-output>
        </test-method> <!-- finishButtonCompletesOrder -->
        <test-method is-config="true" signature="tearDown()[pri:0, instance:tests.CheckoutTests@69453e37]" started-at="2025-09-06T18:08:06 IST" name="tearDown" finished-at="2025-09-06T18:08:06 IST" duration-ms="145" status="PASS">
          <reporter-output>
          </reporter-output>
        </test-method> <!-- tearDown -->
        <test-method is-config="true" signature="setUp()[pri:0, instance:tests.CheckoutTests@69453e37]" started-at="2025-09-06T18:08:06 IST" name="setUp" finished-at="2025-09-06T18:08:20 IST" duration-ms="13656" status="PASS">
          <reporter-output>
          </reporter-output>
        </test-method> <!-- setUp -->
        <test-method signature="invalidZipCodeFormat()[pri:0, instance:tests.CheckoutTests@69453e37]" started-at="2025-09-06T18:08:20 IST" name="invalidZipCodeFormat" finished-at="2025-09-06T18:08:23 IST" duration-ms="3285" status="PASS">
          <reporter-output>
          </reporter-output>
        </test-method> <!-- invalidZipCodeFormat -->
        <test-method is-config="true" signature="tearDown()[pri:0, instance:tests.CheckoutTests@69453e37]" started-at="2025-09-06T18:08:23 IST" name="tearDown" finished-at="2025-09-06T18:08:23 IST" duration-ms="164" status="PASS">
          <reporter-output>
          </reporter-output>
        </test-method> <!-- tearDown -->
        <test-method is-config="true" signature="setUp()[pri:0, instance:tests.CheckoutTests@69453e37]" started-at="2025-09-06T18:08:23 IST" name="setUp" finished-at="2025-09-06T18:08:37 IST" duration-ms="13650" status="PASS">
          <reporter-output>
          </reporter-output>
        </test-method> <!-- setUp -->
        <test-method signature="verifyBackToProductsButtonWorks()[pri:0, instance:tests.CheckoutTests@69453e37]" started-at="2025-09-06T18:08:37 IST" name="verifyBackToProductsButtonWorks" finished-at="2025-09-06T18:08:43 IST" duration-ms="6465" status="PASS">
          <reporter-output>
          </reporter-output>
        </test-method> <!-- verifyBackToProductsButtonWorks -->
        <test-method is-config="true" signature="tearDown()[pri:0, instance:tests.CheckoutTests@69453e37]" started-at="2025-09-06T18:08:43 IST" name="tearDown" finished-at="2025-09-06T18:08:43 IST" duration-ms="150" status="PASS">
          <reporter-output>
          </reporter-output>
        </test-method> <!-- tearDown -->
        <test-method is-config="true" signature="setUp()[pri:0, instance:tests.CheckoutTests@69453e37]" started-at="2025-09-06T18:08:43 IST" name="setUp" finished-at="2025-09-06T18:08:57 IST" duration-ms="13683" status="PASS">
          <reporter-output>
          </reporter-output>
        </test-method> <!-- setUp -->
        <test-method signature="verifyCheckoutOverviewPage()[pri:0, instance:tests.CheckoutTests@69453e37]" started-at="2025-09-06T18:08:57 IST" name="verifyCheckoutOverviewPage" finished-at="2025-09-06T18:09:02 IST" duration-ms="5279" status="PASS">
          <reporter-output>
          </reporter-output>
        </test-method> <!-- verifyCheckoutOverviewPage -->
        <test-method is-config="true" signature="tearDown()[pri:0, instance:tests.CheckoutTests@69453e37]" started-at="2025-09-06T18:09:02 IST" name="tearDown" finished-at="2025-09-06T18:09:03 IST" duration-ms="141" status="PASS">
          <reporter-output>
          </reporter-output>
        </test-method> <!-- tearDown -->
        <test-method is-config="true" signature="setUp()[pri:0, instance:tests.CheckoutTests@69453e37]" started-at="2025-09-06T18:09:03 IST" name="setUp" finished-at="2025-09-06T18:09:16 IST" duration-ms="13639" status="PASS">
          <reporter-output>
          </reporter-output>
        </test-method> <!-- setUp -->
        <test-method signature="verifySuccessMessageAfterOrder()[pri:0, instance:tests.CheckoutTests@69453e37]" started-at="2025-09-06T18:09:16 IST" name="verifySuccessMessageAfterOrder" finished-at="2025-09-06T18:09:19 IST" duration-ms="2363" status="PASS">
          <reporter-output>
          </reporter-output>
        </test-method> <!-- verifySuccessMessageAfterOrder -->
        <test-method is-config="true" signature="tearDown()[pri:0, instance:tests.CheckoutTests@69453e37]" started-at="2025-09-06T18:09:19 IST" name="tearDown" finished-at="2025-09-06T18:09:19 IST" duration-ms="151" status="PASS">
          <reporter-output>
          </reporter-output>
        </test-method> <!-- tearDown -->
      </class> <!-- tests.CheckoutTests -->
      <class name="tests.CartTests">
        <test-method is-config="true" signature="setUp()[pri:0, instance:tests.CartTests@2002fc1d]" started-at="2025-09-06T18:04:50 IST" name="setUp" finished-at="2025-09-06T18:04:56 IST" duration-ms="6441" status="PASS">
          <reporter-output>
          </reporter-output>
        </test-method> <!-- setUp -->
        <test-method signature="checkoutButtonWorks()[pri:0, instance:tests.CartTests@2002fc1d]" started-at="2025-09-06T18:04:56 IST" name="checkoutButtonWorks" finished-at="2025-09-06T18:05:03 IST" duration-ms="7233" status="PASS">
          <reporter-output>
          </reporter-output>
        </test-method> <!-- checkoutButtonWorks -->
        <test-method is-config="true" signature="tearDown()[pri:0, instance:tests.CartTests@2002fc1d]" started-at="2025-09-06T18:05:03 IST" name="tearDown" finished-at="2025-09-06T18:05:03 IST" duration-ms="136" status="PASS">
          <reporter-output>
          </reporter-output>
        </test-method> <!-- tearDown -->
        <test-method is-config="true" signature="setUp()[pri:0, instance:tests.CartTests@2002fc1d]" started-at="2025-09-06T18:05:03 IST" name="setUp" finished-at="2025-09-06T18:05:10 IST" duration-ms="6355" status="PASS">
          <reporter-output>
          </reporter-output>
        </test-method> <!-- setUp -->
        <test-method signature="continueShoppingButtonWorks()[pri:0, instance:tests.CartTests@2002fc1d]" started-at="2025-09-06T18:05:10 IST" name="continueShoppingButtonWorks" finished-at="2025-09-06T18:05:17 IST" duration-ms="7273" status="PASS">
          <reporter-output>
          </reporter-output>
        </test-method> <!-- continueShoppingButtonWorks -->
        <test-method is-config="true" signature="tearDown()[pri:0, instance:tests.CartTests@2002fc1d]" started-at="2025-09-06T18:05:17 IST" name="tearDown" finished-at="2025-09-06T18:05:17 IST" duration-ms="134" status="PASS">
          <reporter-output>
          </reporter-output>
        </test-method> <!-- tearDown -->
        <test-method is-config="true" signature="setUp()[pri:0, instance:tests.CartTests@2002fc1d]" started-at="2025-09-06T18:05:17 IST" name="setUp" finished-at="2025-09-06T18:05:24 IST" duration-ms="6614" status="PASS">
          <reporter-output>
          </reporter-output>
        </test-method> <!-- setUp -->
        <test-method signature="verifyCartBadgeIncreases()[pri:0, instance:tests.CartTests@2002fc1d]" started-at="2025-09-06T18:05:24 IST" name="verifyCartBadgeIncreases" finished-at="2025-09-06T18:05:29 IST" duration-ms="5126" status="PASS">
          <reporter-output>
          </reporter-output>
        </test-method> <!-- verifyCartBadgeIncreases -->
        <test-method is-config="true" signature="tearDown()[pri:0, instance:tests.CartTests@2002fc1d]" started-at="2025-09-06T18:05:29 IST" name="tearDown" finished-at="2025-09-06T18:05:29 IST" duration-ms="154" status="PASS">
          <reporter-output>
          </reporter-output>
        </test-method> <!-- tearDown -->
        <test-method is-config="true" signature="setUp()[pri:0, instance:tests.CartTests@2002fc1d]" started-at="2025-09-06T18:05:29 IST" name="setUp" finished-at="2025-09-06T18:05:36 IST" duration-ms="6465" status="PASS">
          <reporter-output>
          </reporter-output>
        </test-method> <!-- setUp -->
        <test-method signature="verifyCartIsEmptyAfterRemovingItems()[pri:0, instance:tests.CartTests@2002fc1d]" started-at="2025-09-06T18:05:36 IST" name="verifyCartIsEmptyAfterRemovingItems" finished-at="2025-09-06T18:05:53 IST" duration-ms="17170" status="PASS">
          <reporter-output>
          </reporter-output>
        </test-method> <!-- verifyCartIsEmptyAfterRemovingItems -->
        <test-method is-config="true" signature="tearDown()[pri:0, instance:tests.CartTests@2002fc1d]" started-at="2025-09-06T18:05:53 IST" name="tearDown" finished-at="2025-09-06T18:05:53 IST" duration-ms="173" status="PASS">
          <reporter-output>
          </reporter-output>
        </test-method> <!-- tearDown -->
        <test-method is-config="true" signature="setUp()[pri:0, instance:tests.CartTests@2002fc1d]" started-at="2025-09-06T18:05:53 IST" name="setUp" finished-at="2025-09-06T18:05:59 IST" duration-ms="6474" status="PASS">
          <reporter-output>
          </reporter-output>
        </test-method> <!-- setUp -->
        <test-method signature="verifyNavigatingToCartPage()[pri:0, instance:tests.CartTests@2002fc1d]" started-at="2025-09-06T18:05:59 IST" name="verifyNavigatingToCartPage" finished-at="2025-09-06T18:06:05 IST" duration-ms="5172" status="PASS">
          <reporter-output>
          </reporter-output>
        </test-method> <!-- verifyNavigatingToCartPage -->
        <test-method is-config="true" signature="tearDown()[pri:0, instance:tests.CartTests@2002fc1d]" started-at="2025-09-06T18:06:05 IST" name="tearDown" finished-at="2025-09-06T18:06:05 IST" duration-ms="158" status="PASS">
          <reporter-output>
          </reporter-output>
        </test-method> <!-- tearDown -->
        <test-method is-config="true" signature="setUp()[pri:0, instance:tests.CartTests@2002fc1d]" started-at="2025-09-06T18:06:05 IST" name="setUp" finished-at="2025-09-06T18:06:11 IST" duration-ms="6554" status="PASS">
          <reporter-output>
          </reporter-output>
        </test-method> <!-- setUp -->
        <test-method signature="verifyProductDetailsInCart()[pri:0, instance:tests.CartTests@2002fc1d]" started-at="2025-09-06T18:06:11 IST" name="verifyProductDetailsInCart" finished-at="2025-09-06T18:06:18 IST" duration-ms="7183" status="PASS">
          <reporter-output>
          </reporter-output>
        </test-method> <!-- verifyProductDetailsInCart -->
        <test-method is-config="true" signature="tearDown()[pri:0, instance:tests.CartTests@2002fc1d]" started-at="2025-09-06T18:06:18 IST" name="tearDown" finished-at="2025-09-06T18:06:19 IST" duration-ms="157" status="PASS">
          <reporter-output>
          </reporter-output>
        </test-method> <!-- tearDown -->
      </class> <!-- tests.CartTests -->
      <class name="tests.UITests">
        <test-method is-config="true" signature="setUp()[pri:0, instance:tests.UITests@ae13544]" started-at="2025-09-06T18:10:21 IST" name="setUp" finished-at="2025-09-06T18:10:24 IST" duration-ms="3166" status="PASS">
          <reporter-output>
          </reporter-output>
        </test-method> <!-- setUp -->
        <test-method signature="verifyBackButtonAfterLogout()[pri:0, instance:tests.UITests@ae13544]" started-at="2025-09-06T18:10:24 IST" name="verifyBackButtonAfterLogout" finished-at="2025-09-06T18:10:35 IST" duration-ms="11462" status="PASS">
          <reporter-output>
          </reporter-output>
        </test-method> <!-- verifyBackButtonAfterLogout -->
        <test-method is-config="true" signature="tearDown()[pri:0, instance:tests.UITests@ae13544]" started-at="2025-09-06T18:10:35 IST" name="tearDown" finished-at="2025-09-06T18:10:36 IST" duration-ms="165" status="PASS">
          <reporter-output>
          </reporter-output>
        </test-method> <!-- tearDown -->
        <test-method is-config="true" signature="setUp()[pri:0, instance:tests.UITests@ae13544]" started-at="2025-09-06T18:10:36 IST" name="setUp" finished-at="2025-09-06T18:10:39 IST" duration-ms="3478" status="PASS">
          <reporter-output>
          </reporter-output>
        </test-method> <!-- setUp -->
        <test-method signature="verifyFooterLinks()[pri:0, instance:tests.UITests@ae13544]" started-at="2025-09-06T18:10:39 IST" name="verifyFooterLinks" finished-at="2025-09-06T18:10:44 IST" duration-ms="5371" status="PASS">
          <reporter-output>
          </reporter-output>
        </test-method> <!-- verifyFooterLinks -->
        <test-method is-config="true" signature="tearDown()[pri:0, instance:tests.UITests@ae13544]" started-at="2025-09-06T18:10:44 IST" name="tearDown" finished-at="2025-09-06T18:10:45 IST" duration-ms="123" status="PASS">
          <reporter-output>
          </reporter-output>
        </test-method> <!-- tearDown -->
        <test-method is-config="true" signature="setUp()[pri:0, instance:tests.UITests@ae13544]" started-at="2025-09-06T18:10:45 IST" name="setUp" finished-at="2025-09-06T18:10:48 IST" duration-ms="3204" status="PASS">
          <reporter-output>
          </reporter-output>
        </test-method> <!-- setUp -->
        <test-method signature="verifyLoginPageUIElements()[pri:0, instance:tests.UITests@ae13544]" started-at="2025-09-06T18:10:48 IST" name="verifyLoginPageUIElements" finished-at="2025-09-06T18:10:52 IST" duration-ms="4083" status="PASS">
          <reporter-output>
          </reporter-output>
        </test-method> <!-- verifyLoginPageUIElements -->
        <test-method is-config="true" signature="tearDown()[pri:0, instance:tests.UITests@ae13544]" started-at="2025-09-06T18:10:52 IST" name="tearDown" finished-at="2025-09-06T18:10:52 IST" duration-ms="175" status="PASS">
          <reporter-output>
          </reporter-output>
        </test-method> <!-- tearDown -->
        <test-method is-config="true" signature="setUp()[pri:0, instance:tests.UITests@ae13544]" started-at="2025-09-06T18:10:52 IST" name="setUp" finished-at="2025-09-06T18:10:55 IST" duration-ms="3216" status="PASS">
          <reporter-output>
          </reporter-output>
        </test-method> <!-- setUp -->
        <test-method signature="verifyPageTitleAndLogoConsistency()[pri:0, instance:tests.UITests@ae13544]" started-at="2025-09-06T18:10:55 IST" name="verifyPageTitleAndLogoConsistency" finished-at="2025-09-06T18:11:04 IST" duration-ms="8384" status="PASS">
          <reporter-output>
          </reporter-output>
        </test-method> <!-- verifyPageTitleAndLogoConsistency -->
        <test-method is-config="true" signature="tearDown()[pri:0, instance:tests.UITests@ae13544]" started-at="2025-09-06T18:11:04 IST" name="tearDown" finished-at="2025-09-06T18:11:04 IST" duration-ms="150" status="PASS">
          <reporter-output>
          </reporter-output>
        </test-method> <!-- tearDown -->
      </class> <!-- tests.UITests -->
    </test> <!-- All Modules -->
  </suite> <!-- Selenium Capstone Suite -->
</testng-results>
